[2026-02-05 19:01:35] Usuario: admin (ID: 0) - Login fallido - Credenciales inválidas
[2026-02-05 19:01:42] Usuario: admin (ID: 0) - Login fallido - Credenciales inválidas
[2026-02-05 19:02:39] Usuario: admin (ID: 1) - Login exitoso
[2026-02-05 19:04:56] Usuario: admin (ID: 1) - Creó paciente: kevin villalba (DNI: 49532524)
[2026-02-05 19:05:18] Usuario: admin (ID: 1) - Logout
[2026-02-05 20:31:10] Usuario: admin (ID: 1) - Login exitoso
[2026-02-05 20:33:52] Usuario: admin (ID: 1) - Login exitoso
[2026-02-07 14:02:14] Usuario: admin (ID: 1) - Login exitoso
[2026-02-07 14:02:57] Usuario: admin (ID: 1) - Login exitoso
[2026-02-07 14:03:07] Usuario: admin (ID: 1) - Creó usuario: 1
[2026-02-07 14:08:59] Usuario: 1 (ID: 0) - Login fallido - Credenciales inválidas
[2026-02-07 14:09:49] Usuario: admin (ID: 1) - Login exitoso
[2026-02-07 14:10:40] Usuario: admin (ID: 1) - Creó paciente: kev villalba (DNI: 49532524)
[2026-02-07 14:12:32] Usuario: admin (ID: 1) - Abrió archivo: CADe_S1 del paciente ID: 1
[2026-02-07 14:13:12] Usuario: admin (ID: 1) - Eliminó paciente: kev villalba (DNI: 49532524)
[2026-02-07 14:16:16] Usuario: admin (ID: 1) - Login exitoso
[2026-02-07 14:16:48] Usuario: admin (ID: 1) - Creó usuario: 111111
[2026-02-07 14:16:53] Usuario: admin (ID: 1) - Logout
[2026-02-07 14:17:03] Usuario: 111111 (ID: 0) - Login fallido - Credenciales inválidas
[2026-02-07 14:17:44] Usuario: admin (ID: 1) - Login exitoso
[2026-02-07 14:18:46] Usuario: admin (ID: 1) - Creó paciente: gabriel villalba (DNI: 29734557)
[2026-02-07 14:18:56] Usuario: admin (ID: 1) - Editó paciente: gabriel villalba (DNI: 29734557)
[2026-02-07 14:19:07] Usuario: admin (ID: 1) - Editó paciente: gabriel villalba (DNI: 29734557)
[2026-02-07 14:19:47] Usuario: admin (ID: 1) - Creó usuario: 1111
[2026-02-07 14:19:50] Usuario: admin (ID: 1) - Logout
[2026-02-07 14:19:55] Usuario: 1111 (ID: 2) - Login exitoso
[2026-02-07 14:20:14] Usuario: 1111 (ID: 2) - Editó paciente: gabriel villalba (DNI: 29734557)
[2026-02-07 14:22:15] Usuario: 1111 (ID: 2) - Editó paciente: gabriel villalba (DNI: 29734557)
[2026-02-07 15:04:26] Usuario: 1111 (ID: 2) - Logout
[2026-02-07 15:04:38] Usuario: admin (ID: 1) - Login exitoso
[2026-02-07 15:04:45] Usuario: admin (ID: 1) - Cambió estado de 1111 a: Inactivo
[2026-02-07 15:04:46] Usuario: admin (ID: 1) - Cambió estado de 1111 a: Activo
[2026-02-07 15:04:57] Usuario: admin (ID: 1) - Creó usuario: 111
[2026-02-07 15:04:59] Usuario: admin (ID: 1) - Logout
[2026-02-07 15:05:04] Usuario: 111 (ID: 3) - Login exitoso
[2026-02-07 15:22:28] Usuario: admin (ID: 1) - Login exitoso
[2026-02-07 15:22:46] Usuario: admin (ID: 1) - Creó paciente: u7rr5y 83 (DNI: 54386784)
[2026-02-07 15:24:00] Usuario: admin (ID: 1) - Abrió archivo: CADe_S1 del paciente ID: 1
[2026-02-07 15:24:38] Usuario: admin (ID: 1) - Creó usuario: 111
[2026-02-07 15:24:56] Usuario: 111 (ID: 2) - Login exitoso
[2026-02-07 15:27:33] Usuario: admin (ID: 1) - Login exitoso
[2026-02-07 15:34:22] Usuario: 111 (ID: 2) - Login exitoso
[2026-02-07 16:09:00] Usuario: admin (ID: 1) - Login exitoso
[2026-02-07 16:09:16] Usuario: admin (ID: 1) - Cambió estado de 111 a: Inactivo
[2026-02-07 16:09:17] Usuario: admin (ID: 1) - Cambió estado de admin a: Inactivo
[2026-02-07 16:09:22] Usuario: admin (ID: 1) - Eliminó paciente: u7rr5y 83 (DNI: 54386784)
[2026-02-07 16:47:03] Usuario: admin (ID: 0) - Login fallido - Credenciales inválidas
[2026-02-07 16:47:11] Usuario: admin (ID: 0) - Login fallido - Credenciales inválidas
[2026-02-07 16:47:34] Usuario: admin (ID: 0) - Login fallido - Credenciales inválidas
[2026-02-07 16:47:41] Usuario: admin (ID: 0) - Login fallido - Credenciales inválidas
[2026-02-07 16:47:42] Usuario: admin (ID: 0) - Login fallido - Credenciales inválidas
[2026-02-07 16:47:42] Usuario: admin (ID: 0) - Login fallido - Credenciales inválidas
[2026-02-07 16:47:42] Usuario: admin (ID: 0) - Login fallido - Credenciales inválidas
[2026-02-07 16:47:43] Usuario: admin (ID: 0) - Login fallido - Credenciales inválidas
[2026-02-07 16:47:43] Usuario: admin (ID: 0) - Login fallido - Credenciales inválidas
[2026-02-07 16:47:43] Usuario: admin (ID: 0) - Login fallido - Credenciales inválidas
[2026-02-07 16:47:43] Usuario: admin (ID: 0) - Login fallido - Credenciales inválidas
[2026-02-07 16:47:43] Usuario: admin (ID: 0) - Login fallido - Credenciales inválidas
[2026-02-07 16:47:44] Usuario: admin (ID: 0) - Login fallido - Credenciales inválidas
[2026-02-07 16:47:44] Usuario: admin (ID: 0) - Login fallido - Credenciales inválidas
[2026-02-07 16:48:21] Usuario: admin (ID: 0) - Login fallido - Credenciales inválidas
[2026-02-07 16:48:22] Usuario: admin (ID: 0) - Login fallido - Credenciales inválidas
[2026-02-07 16:48:22] Usuario: admin (ID: 0) - Login fallido - Credenciales inválidas
[2026-02-07 16:48:22] Usuario: admin (ID: 0) - Login fallido - Credenciales inválidas
[2026-02-07 16:48:22] Usuario: admin (ID: 0) - Login fallido - Credenciales inválidas
[2026-02-07 16:48:23] Usuario: admin (ID: 0) - Login fallido - Credenciales inválidas
[2026-02-07 16:48:51] Usuario: admin (ID: 0) - Login fallido - Credenciales inválidas
[2026-02-07 16:51:00] Usuario: admin (ID: 0) - Login fallido - Credenciales inválidas
[2026-02-07 16:51:13] Usuario: admin (ID: 0) - Login fallido - Credenciales inválidas
[2026-02-07 16:51:14] Usuario: admin (ID: 0) - Login fallido - Credenciales inválidas
[2026-02-07 16:51:14] Usuario: admin (ID: 0) - Login fallido - Credenciales inválidas
[2026-02-07 16:51:14] Usuario: admin (ID: 0) - Login fallido - Credenciales inválidas
[2026-02-07 16:51:14] Usuario: admin (ID: 0) - Login fallido - Credenciales inválidas
[2026-02-07 16:51:15] Usuario: admin (ID: 0) - Login fallido - Credenciales inválidas
[2026-02-07 16:51:15] Usuario: admin (ID: 0) - Login fallido - Credenciales inválidas
[2026-02-07 16:51:15] Usuario: admin (ID: 0) - Login fallido - Credenciales inválidas
[2026-02-07 16:51:15] Usuario: admin (ID: 0) - Login fallido - Credenciales inválidas
[2026-02-07 16:55:41] Usuario: admin (ID: 0) - Login fallido - Credenciales inválidas
[2026-02-07 16:55:53] Usuario: admin (ID: 0) - Login fallido - Credenciales inválidas
[2026-02-07 16:55:55] Usuario: admin (ID: 0) - Login fallido - Credenciales inválidas
[2026-02-07 16:57:41] Usuario: admin (ID: 0) - Login fallido - Credenciales inválidas
[2026-02-07 16:57:43] Usuario: admin (ID: 0) - Login fallido - Credenciales inválidas
[2026-02-07 16:57:43] Usuario: admin (ID: 0) - Login fallido - Credenciales inválidas
[2026-02-07 16:57:43] Usuario: admin (ID: 0) - Login fallido - Credenciales inválidas
[2026-02-07 16:57:43] Usuario: admin (ID: 0) - Login fallido - Credenciales inválidas
[2026-02-07 16:57:43] Usuario: admin (ID: 0) - Login fallido - Credenciales inválidas
[2026-02-07 17:00:47] Usuario: admin (ID: 0) - Login fallido - Credenciales inválidas
[2026-02-07 17:03:50] Usuario: admin (ID: 0) - Login fallido - Credenciales inválidas
